app/build/intermediates/manifest_merge_blame_file/debug/manifest-merger-blame-debug-report.txt
1<?xml version="1.0" encoding="utf-8"?>
2<manifest xmlns:android="http://schemas.android.com/apk/res/android"
3    package="com.quark.watermark"
4    android:versionCode="1"
5    android:versionName="1.0.0" >
6
7    <uses-sdk
8        android:minSdkVersion="26"
9        android:targetSdkVersion="34" />
10
11    <permission
11-->[androidx.core:core:1.10.0] AndroidManifest.xml:22:5-24:47
12        android:name="com.quark.watermark.DYNAMIC_RECEIVER_NOT_EXPORTED_PERMISSION"
12-->[androidx.core:core:1.10.0] AndroidManifest.xml:23:9-81
13        android:protectionLevel="signature" />
13-->[androidx.core:core:1.10.0] AndroidManifest.xml:24:9-44
14
15    <uses-permission android:name="com.quark.watermark.DYNAMIC_RECEIVER_NOT_EXPORTED_PERMISSION" />
15-->[androidx.core:core:1.10.0] AndroidManifest.xml:26:5-97
15-->[androidx.core:core:1.10.0] AndroidManifest.xml:26:22-94
16
17    <application
17-->src\main\AndroidManifest.xml:4:5-25:19
18        android:allowBackup="true"
18-->src\main\AndroidManifest.xml:5:9-35
19        android:appComponentFactory="androidx.core.app.CoreComponentFactory"
19-->[androidx.core:core:1.10.0] AndroidManifest.xml:28:18-86
20        android:debuggable="true"
21        android:extractNativeLibs="false"
22        android:label="@string/app_name"
22-->src\main\AndroidManifest.xml:6:9-41
23        android:supportsRtl="true"
23-->src\main\AndroidManifest.xml:7:9-35
24        android:theme="@android:style/Theme.Material.Light.NoActionBar" >
24-->src\main\AndroidManifest.xml:8:9-72
25        <activity
25-->src\main\AndroidManifest.xml:10:9-24:20
26            android:name="com.quark.watermark.MainActivity"
26-->src\main\AndroidManifest.xml:11:13-41
27            android:exported="true" >
27-->src\main\AndroidManifest.xml:12:13-36
28            <intent-filter>
28-->src\main\AndroidManifest.xml:13:13-16:29
29                <action android:name="android.intent.action.MAIN" />
29-->src\main\AndroidManifest.xml:14:17-69
29-->src\main\AndroidManifest.xml:14:25-66
30
31                <category android:name="android.intent.category.LAUNCHER" />
31-->src\main\AndroidManifest.xml:15:17-77
31-->src\main\AndroidManifest.xml:15:27-74
32            </intent-filter>
33
34            <!-- 接收其他应用分享的 PDF -->
35            <intent-filter>
35-->src\main\AndroidManifest.xml:19:13-23:29
36                <action android:name="android.intent.action.SEND" />
36-->src\main\AndroidManifest.xml:20:17-69
36-->src\main\AndroidManifest.xml:20:25-66
37
38                <category android:name="android.intent.category.DEFAULT" />
38-->src\main\AndroidManifest.xml:21:17-76
38-->src\main\AndroidManifest.xml:21:27-73
39
40                <data android:mimeType="application/pdf" />
40-->src\main\AndroidManifest.xml:22:17-60
40-->src\main\AndroidManifest.xml:22:23-57
41            </intent-filter>
42        </activity>
43        <activity
43-->[androidx.compose.ui:ui-tooling-android:1.5.4] AndroidManifest.xml:23:9-25:39
44            android:name="androidx.compose.ui.tooling.PreviewActivity"
44-->[androidx.compose.ui:ui-tooling-android:1.5.4] AndroidManifest.xml:24:13-71
45            android:exported="true" />
45-->[androidx.compose.ui:ui-tooling-android:1.5.4] AndroidManifest.xml:25:13-36
46
47        <provider
47-->[androidx.emoji2:emoji2:1.4.0] AndroidManifest.xml:24:9-32:20
48            android:name="androidx.startup.InitializationProvider"
48-->[androidx.emoji2:emoji2:1.4.0] AndroidManifest.xml:25:13-67
49            android:authorities="com.quark.watermark.androidx-startup"
49-->[androidx.emoji2:emoji2:1.4.0] AndroidManifest.xml:26:13-68
50            android:exported="false" >
50-->[androidx.emoji2:emoji2:1.4.0] AndroidManifest.xml:27:13-37
51            <meta-data
51-->[androidx.emoji2:emoji2:1.4.0] AndroidManifest.xml:29:13-31:52
52                android:name="androidx.emoji2.text.EmojiCompatInitializer"
52-->[androidx.emoji2:emoji2:1.4.0] AndroidManifest.xml:30:17-75
53                android:value="androidx.startup" />
53-->[androidx.emoji2:emoji2:1.4.0] AndroidManifest.xml:31:17-49
54            <meta-data
54-->[androidx.lifecycle:lifecycle-process:2.6.1] AndroidManifest.xml:29:13-31:52
55                android:name="androidx.lifecycle.ProcessLifecycleInitializer"
55-->[androidx.lifecycle:lifecycle-process:2.6.1] AndroidManifest.xml:30:17-78
56                android:value="androidx.startup" />
56-->[androidx.lifecycle:lifecycle-process:2.6.1] AndroidManifest.xml:31:17-49
57            <meta-data
57-->[androidx.profileinstaller:profileinstaller:1.3.0] AndroidManifest.xml:29:13-31:52
58                android:name="androidx.profileinstaller.ProfileInstallerInitializer"
58-->[androidx.profileinstaller:profileinstaller:1.3.0] AndroidManifest.xml:30:17-85
59                android:value="androidx.startup" />
59-->[androidx.profileinstaller:profileinstaller:1.3.0] AndroidManifest.xml:31:17-49
60        </provider>
61
62        <receiver
62-->[androidx.profileinstaller:profileinstaller:1.3.0] AndroidManifest.xml:34:9-52:20
63            android:name="androidx.profileinstaller.ProfileInstallReceiver"
63-->[androidx.profileinstaller:profileinstaller:1.3.0] AndroidManifest.xml:35:13-76
64            android:directBootAware="false"
64-->[androidx.profileinstaller:profileinstaller:1.3.0] AndroidManifest.xml:36:13-44
65            android:enabled="true"
65-->[androidx.profileinstaller:profileinstaller:1.3.0] AndroidManifest.xml:37:13-35
66            android:exported="true"
66-->[androidx.profileinstaller:profileinstaller:1.3.0] AndroidManifest.xml:38:13-36
67            android:permission="android.permission.DUMP" >
67-->[androidx.profileinstaller:profileinstaller:1.3.0] AndroidManifest.xml:39:13-57
68            <intent-filter>
68-->[androidx.profileinstaller:profileinstaller:1.3.0] AndroidManifest.xml:40:13-42:29
69                <action android:name="androidx.profileinstaller.action.INSTALL_PROFILE" />
69-->[androidx.profileinstaller:profileinstaller:1.3.0] AndroidManifest.xml:41:17-91
69-->[androidx.profileinstaller:profileinstaller:1.3.0] AndroidManifest.xml:41:25-88
70            </intent-filter>
71            <intent-filter>
71-->[androidx.profileinstaller:profileinstaller:1.3.0] AndroidManifest.xml:43:13-45:29
72                <action android:name="androidx.profileinstaller.action.SKIP_FILE" />
72-->[androidx.profileinstaller:profileinstaller:1.3.0] AndroidManifest.xml:44:17-85
72-->[androidx.profileinstaller:profileinstaller:1.3.0] AndroidManifest.xml:44:25-82
73            </intent-filter>
74            <intent-filter>
74-->[androidx.profileinstaller:profileinstaller:1.3.0] AndroidManifest.xml:46:13-48:29
75                <action android:name="androidx.profileinstaller.action.SAVE_PROFILE" />
75-->[androidx.profileinstaller:profileinstaller:1.3.0] AndroidManifest.xml:47:17-88
75-->[androidx.profileinstaller:profileinstaller:1.3.0] AndroidManifest.xml:47:25-85
76            </intent-filter>
77            <intent-filter>
77-->[androidx.profileinstaller:profileinstaller:1.3.0] AndroidManifest.xml:49:13-51:29
78                <action android:name="androidx.profileinstaller.action.BENCHMARK_OPERATION" />
78-->[androidx.profileinstaller:profileinstaller:1.3.0] AndroidManifest.xml:50:17-95
78-->[androidx.profileinstaller:profileinstaller:1.3.0] AndroidManifest.xml:50:25-92
79            </intent-filter>
80        </receiver>
81    </application>
82
83</manifest>